10/03/2013 20:17:06 (Std) 	+-+-+-+-+-+-+-+-+-+-+-+-+-+-+-+-+-+-+-+-+-+-+-+-+-+-+-+-+-+-+-+-+-+-+-+-+-+-+-+
10/03/2013 20:17:06 (Std) 	+                     Crazy Eddie's GUI System - Event log                    +
10/03/2013 20:17:06 (Std) 	+                          (http://www.cegui.org.uk/)                         +
10/03/2013 20:17:06 (Std) 	+-+-+-+-+-+-+-+-+-+-+-+-+-+-+-+-+-+-+-+-+-+-+-+-+-+-+-+-+-+-+-+-+-+-+-+-+-+-+-+

10/03/2013 20:17:06 (Std) 	CEGUI::Logger singleton created. (00A0F7E0)
10/03/2013 20:17:06 (Std) 	
10/03/2013 20:17:06 (Std) 	********************************************************************************
10/03/2013 20:17:06 (Std) 	* Important:                                                                   *
10/03/2013 20:17:06 (Std) 	*     To get support at the CEGUI forums, you must post _at least_ the section *
10/03/2013 20:17:06 (Std) 	*     of this log file indicated below.  Failure to do this will result in no  *
10/03/2013 20:17:06 (Std) 	*     support being given; please do not waste our time.                       *
10/03/2013 20:17:06 (Std) 	********************************************************************************
10/03/2013 20:17:06 (Std) 	********************************************************************************
10/03/2013 20:17:06 (Std) 	* -------- START OF ESSENTIAL SECTION TO BE POSTED ON THE FORUM       -------- *
10/03/2013 20:17:06 (Std) 	********************************************************************************
10/03/2013 20:17:06 (Std) 	---- Version 0.7.5 (Build: Aug 30 2012 Microsoft Windows MSVC++ 10.0 32 bit) ----
10/03/2013 20:17:06 (Std) 	---- Renderer module is: CEGUI::OgreRenderer - Official OGRE based 2nd generation renderer module. ----
10/03/2013 20:17:06 (Std) 	---- XML Parser module is: CEGUI::ExpatParser - Official expat based parser module for CEGUI ----
10/03/2013 20:17:06 (Std) 	---- Image Codec module is: OgreImageCodec - Integrated ImageCodec using the Ogre engine. ----
10/03/2013 20:17:06 (Std) 	---- Scripting module is: None ----
10/03/2013 20:17:06 (Std) 	********************************************************************************
10/03/2013 20:17:06 (Std) 	* -------- END OF ESSENTIAL SECTION TO BE POSTED ON THE FORUM         -------- *
10/03/2013 20:17:06 (Std) 	********************************************************************************
10/03/2013 20:17:06 (Std) 	
10/03/2013 20:17:06 (Std) 	---- Begining CEGUI System initialisation ----
10/03/2013 20:17:06 (Std) 	CEGUI::ImagesetManager singleton created (00A0F700)
10/03/2013 20:17:06 (Std) 	CEGUI::FontManager singleton created. (00A0FCB0)
10/03/2013 20:17:06 (Std) 	CEGUI::WindowFactoryManager singleton created
10/03/2013 20:17:06 (Std) 	CEGUI::WindowManager singleton created (0022BF30)
10/03/2013 20:17:06 (Std) 	CEGUI::SchemeManager singleton created. (00A2C1F0)
10/03/2013 20:17:06 (Std) 	CEGUI::MouseCursor singleton created. (009E2EF8)
10/03/2013 20:17:06 (Std) 	CEGUI::GlobalEventSet singleton created. (009C7BE0)
10/03/2013 20:17:06 (Std) 	CEGUI::AnimationManager singleton created (009C4F30)
10/03/2013 20:17:06 (Std) 	CEGUI::WidgetLookManager singleton created. (009C9788)
10/03/2013 20:17:06 (Std) 	CEGUI::WindowRendererManager singleton created (009C9740)
10/03/2013 20:17:06 (Std) 	CEGUI::RenderEffectManager singleton created (009C7C30)
10/03/2013 20:17:06 (Std) 	Created WindowFactory for 'DefaultWindow' windows.
10/03/2013 20:17:06 (Std) 	WindowFactory for 'DefaultWindow' windows added. (00A15040)
10/03/2013 20:17:06 (Std) 	Created WindowFactory for 'DragContainer' windows.
10/03/2013 20:17:06 (Std) 	WindowFactory for 'DragContainer' windows added. (00A150E8)
10/03/2013 20:17:06 (Std) 	Created WindowFactory for 'ScrolledContainer' windows.
10/03/2013 20:17:06 (Std) 	WindowFactory for 'ScrolledContainer' windows added. (00A163A0)
10/03/2013 20:17:06 (Std) 	Created WindowFactory for 'ClippedContainer' windows.
10/03/2013 20:17:06 (Std) 	WindowFactory for 'ClippedContainer' windows added. (00A16448)
10/03/2013 20:17:06 (Std) 	Created WindowFactory for 'CEGUI/Checkbox' windows.
10/03/2013 20:17:06 (Std) 	WindowFactory for 'CEGUI/Checkbox' windows added. (00A28E60)
10/03/2013 20:17:06 (Std) 	Created WindowFactory for 'CEGUI/PushButton' windows.
10/03/2013 20:17:06 (Std) 	WindowFactory for 'CEGUI/PushButton' windows added. (00A28F08)
10/03/2013 20:17:06 (Std) 	Created WindowFactory for 'CEGUI/RadioButton' windows.
10/03/2013 20:17:06 (Std) 	WindowFactory for 'CEGUI/RadioButton' windows added. (00A28FB0)
10/03/2013 20:17:06 (Std) 	Created WindowFactory for 'CEGUI/Combobox' windows.
10/03/2013 20:17:06 (Std) 	WindowFactory for 'CEGUI/Combobox' windows added. (00A29058)
10/03/2013 20:17:06 (Std) 	Created WindowFactory for 'CEGUI/ComboDropList' windows.
10/03/2013 20:17:06 (Std) 	WindowFactory for 'CEGUI/ComboDropList' windows added. (00A29100)
10/03/2013 20:17:06 (Std) 	Created WindowFactory for 'CEGUI/Editbox' windows.
10/03/2013 20:17:06 (Std) 	WindowFactory for 'CEGUI/Editbox' windows added. (00A291A8)
10/03/2013 20:17:06 (Std) 	Created WindowFactory for 'CEGUI/FrameWindow' windows.
10/03/2013 20:17:06 (Std) 	WindowFactory for 'CEGUI/FrameWindow' windows added. (00A29250)
10/03/2013 20:17:06 (Std) 	Created WindowFactory for 'CEGUI/ItemEntry' windows.
10/03/2013 20:17:06 (Std) 	WindowFactory for 'CEGUI/ItemEntry' windows added. (00A292F8)
10/03/2013 20:17:06 (Std) 	Created WindowFactory for 'CEGUI/Listbox' windows.
10/03/2013 20:17:06 (Std) 	WindowFactory for 'CEGUI/Listbox' windows added. (00A293A0)
10/03/2013 20:17:06 (Std) 	Created WindowFactory for 'CEGUI/ListHeader' windows.
10/03/2013 20:17:06 (Std) 	WindowFactory for 'CEGUI/ListHeader' windows added. (00A29448)
10/03/2013 20:17:06 (Std) 	Created WindowFactory for 'CEGUI/ListHeaderSegment' windows.
10/03/2013 20:17:06 (Std) 	WindowFactory for 'CEGUI/ListHeaderSegment' windows added. (00A294F0)
10/03/2013 20:17:06 (Std) 	Created WindowFactory for 'CEGUI/Menubar' windows.
10/03/2013 20:17:06 (Std) 	WindowFactory for 'CEGUI/Menubar' windows added. (00A29598)
10/03/2013 20:17:06 (Std) 	Created WindowFactory for 'CEGUI/PopupMenu' windows.
10/03/2013 20:17:06 (Std) 	WindowFactory for 'CEGUI/PopupMenu' windows added. (00A29640)
10/03/2013 20:17:06 (Std) 	Created WindowFactory for 'CEGUI/MenuItem' windows.
10/03/2013 20:17:06 (Std) 	WindowFactory for 'CEGUI/MenuItem' windows added. (00A296E8)
10/03/2013 20:17:06 (Std) 	Created WindowFactory for 'CEGUI/MultiColumnList' windows.
10/03/2013 20:17:06 (Std) 	WindowFactory for 'CEGUI/MultiColumnList' windows added. (00A29790)
10/03/2013 20:17:06 (Std) 	Created WindowFactory for 'CEGUI/MultiLineEditbox' windows.
10/03/2013 20:17:06 (Std) 	WindowFactory for 'CEGUI/MultiLineEditbox' windows added. (00A29838)
10/03/2013 20:17:06 (Std) 	Created WindowFactory for 'CEGUI/ProgressBar' windows.
10/03/2013 20:17:06 (Std) 	WindowFactory for 'CEGUI/ProgressBar' windows added. (00A298E0)
10/03/2013 20:17:06 (Std) 	Created WindowFactory for 'CEGUI/ScrollablePane' windows.
10/03/2013 20:17:06 (Std) 	WindowFactory for 'CEGUI/ScrollablePane' windows added. (00A29988)
10/03/2013 20:17:06 (Std) 	Created WindowFactory for 'CEGUI/Scrollbar' windows.
10/03/2013 20:17:06 (Std) 	WindowFactory for 'CEGUI/Scrollbar' windows added. (00A29A30)
10/03/2013 20:17:06 (Std) 	Created WindowFactory for 'CEGUI/Slider' windows.
10/03/2013 20:17:06 (Std) 	WindowFactory for 'CEGUI/Slider' windows added. (00A29AD8)
10/03/2013 20:17:06 (Std) 	Created WindowFactory for 'CEGUI/Spinner' windows.
10/03/2013 20:17:06 (Std) 	WindowFactory for 'CEGUI/Spinner' windows added. (00A29B80)
10/03/2013 20:17:06 (Std) 	Created WindowFactory for 'CEGUI/TabButton' windows.
10/03/2013 20:17:06 (Std) 	WindowFactory for 'CEGUI/TabButton' windows added. (00A29C28)
10/03/2013 20:17:06 (Std) 	Created WindowFactory for 'CEGUI/TabControl' windows.
10/03/2013 20:17:06 (Std) 	WindowFactory for 'CEGUI/TabControl' windows added. (00A29CD0)
10/03/2013 20:17:06 (Std) 	Created WindowFactory for 'CEGUI/Thumb' windows.
10/03/2013 20:17:06 (Std) 	WindowFactory for 'CEGUI/Thumb' windows added. (00A29D78)
10/03/2013 20:17:06 (Std) 	Created WindowFactory for 'CEGUI/Titlebar' windows.
10/03/2013 20:17:06 (Std) 	WindowFactory for 'CEGUI/Titlebar' windows added. (00A29E20)
10/03/2013 20:17:06 (Std) 	Created WindowFactory for 'CEGUI/Tooltip' windows.
10/03/2013 20:17:06 (Std) 	WindowFactory for 'CEGUI/Tooltip' windows added. (00A29EC8)
10/03/2013 20:17:06 (Std) 	Created WindowFactory for 'CEGUI/ItemListbox' windows.
10/03/2013 20:17:06 (Std) 	WindowFactory for 'CEGUI/ItemListbox' windows added. (00A29F70)
10/03/2013 20:17:06 (Std) 	Created WindowFactory for 'CEGUI/GroupBox' windows.
10/03/2013 20:17:06 (Std) 	WindowFactory for 'CEGUI/GroupBox' windows added. (00A2A018)
10/03/2013 20:17:06 (Std) 	Created WindowFactory for 'CEGUI/Tree' windows.
10/03/2013 20:17:06 (Std) 	WindowFactory for 'CEGUI/Tree' windows added. (00A2A0C0)
10/03/2013 20:17:06 (Std) 	Created WindowFactory for 'HorizontalLayoutContainer' windows.
10/03/2013 20:17:06 (Std) 	WindowFactory for 'HorizontalLayoutContainer' windows added. (00A2A168)
10/03/2013 20:17:06 (Std) 	Created WindowFactory for 'VerticalLayoutContainer' windows.
10/03/2013 20:17:06 (Std) 	WindowFactory for 'VerticalLayoutContainer' windows added. (00A2A210)
10/03/2013 20:17:06 (Std) 	Created WindowFactory for 'GridLayoutContainer' windows.
10/03/2013 20:17:06 (Std) 	WindowFactory for 'GridLayoutContainer' windows added. (00A2A2B8)
10/03/2013 20:17:06 (Std) 	Window type alias named 'DefaultGUISheet' added for window type 'DefaultWindow'.
10/03/2013 20:17:06 (Std) 	CEGUI::System singleton created. (009DCAB0)
10/03/2013 20:17:06 (Std) 	---- CEGUI System initialisation completed ----
10/03/2013 20:17:06 (Std) 	
10/03/2013 20:17:06 (Std) 	Started creation of Scheme from XML specification:
10/03/2013 20:17:06 (Std) 	---- CEGUI GUIScheme name: TaharezLook
10/03/2013 20:17:06 (Std) 	Started creation of Imageset from XML specification:
10/03/2013 20:17:06 (Std) 	---- CEGUI Imageset name: TaharezLook
10/03/2013 20:17:06 (Std) 	---- Source texture file: TaharezLook.tga in resource group: (Default)
10/03/2013 20:17:06 (Std) 	Started creation of Font from XML specification:
10/03/2013 20:17:06 (Std) 	---- CEGUI font name: Verdana
10/03/2013 20:17:06 (Std) 	----       Font type: FreeType
10/03/2013 20:17:06 (Std) 	----     Source file: verdana.ttf in resource group: (Default)
10/03/2013 20:17:06 (Std) 	---- Real point size: 10
10/03/2013 20:17:06 (Std) 	===== Falagard 'root' element: look and feel parsing begins =====
10/03/2013 20:17:06 (Std) 	===== Look and feel parsing completed =====
10/03/2013 20:17:06 (Std) 	No window renderer factories specified for module 'CEGUIFalagardWRBase' - adding all available factories...
10/03/2013 20:17:06 (Std) 	Created WindowRendererFactory for 'Falagard/Button' WindowRenderers.
10/03/2013 20:17:06 (Std) 	WindowRendererFactory 'Falagard/Button' added. (00A2A750)
10/03/2013 20:17:06 (Std) 	Created WindowRendererFactory for 'Falagard/Default' WindowRenderers.
10/03/2013 20:17:06 (Std) 	WindowRendererFactory 'Falagard/Default' added. (00A2ABE8)
10/03/2013 20:17:06 (Std) 	Created WindowRendererFactory for 'Falagard/Editbox' WindowRenderers.
10/03/2013 20:17:06 (Std) 	WindowRendererFactory 'Falagard/Editbox' added. (08E32F10)
10/03/2013 20:17:06 (Std) 	Created WindowRendererFactory for 'Falagard/FrameWindow' WindowRenderers.
10/03/2013 20:17:06 (Std) 	WindowRendererFactory 'Falagard/FrameWindow' added. (08E32FB8)
10/03/2013 20:17:06 (Std) 	Created WindowRendererFactory for 'Falagard/ItemEntry' WindowRenderers.
10/03/2013 20:17:06 (Std) 	WindowRendererFactory 'Falagard/ItemEntry' added. (08E33060)
10/03/2013 20:17:06 (Std) 	Created WindowRendererFactory for 'Falagard/ListHeader' WindowRenderers.
10/03/2013 20:17:06 (Std) 	WindowRendererFactory 'Falagard/ListHeader' added. (08E33108)
10/03/2013 20:17:06 (Std) 	Created WindowRendererFactory for 'Falagard/ListHeaderSegment' WindowRenderers.
10/03/2013 20:17:06 (Std) 	WindowRendererFactory 'Falagard/ListHeaderSegment' added. (08E331B0)
10/03/2013 20:17:06 (Std) 	Created WindowRendererFactory for 'Falagard/Listbox' WindowRenderers.
10/03/2013 20:17:06 (Std) 	WindowRendererFactory 'Falagard/Listbox' added. (08E33258)
10/03/2013 20:17:06 (Std) 	Created WindowRendererFactory for 'Falagard/Menubar' WindowRenderers.
10/03/2013 20:17:06 (Std) 	WindowRendererFactory 'Falagard/Menubar' added. (08E33300)
10/03/2013 20:17:06 (Std) 	Created WindowRendererFactory for 'Falagard/MenuItem' WindowRenderers.
10/03/2013 20:17:06 (Std) 	WindowRendererFactory 'Falagard/MenuItem' added. (08E333A8)
10/03/2013 20:17:06 (Std) 	Created WindowRendererFactory for 'Falagard/MultiColumnList' WindowRenderers.
10/03/2013 20:17:06 (Std) 	WindowRendererFactory 'Falagard/MultiColumnList' added. (08E33450)
10/03/2013 20:17:06 (Std) 	Created WindowRendererFactory for 'Falagard/MultiLineEditbox' WindowRenderers.
10/03/2013 20:17:06 (Std) 	WindowRendererFactory 'Falagard/MultiLineEditbox' added. (08E334F8)
10/03/2013 20:17:06 (Std) 	Created WindowRendererFactory for 'Falagard/PopupMenu' WindowRenderers.
10/03/2013 20:17:06 (Std) 	WindowRendererFactory 'Falagard/PopupMenu' added. (08E335A0)
10/03/2013 20:17:06 (Std) 	Created WindowRendererFactory for 'Falagard/ProgressBar' WindowRenderers.
10/03/2013 20:17:06 (Std) 	WindowRendererFactory 'Falagard/ProgressBar' added. (08E33648)
10/03/2013 20:17:06 (Std) 	Created WindowRendererFactory for 'Falagard/ScrollablePane' WindowRenderers.
10/03/2013 20:17:06 (Std) 	WindowRendererFactory 'Falagard/ScrollablePane' added. (08E336F0)
10/03/2013 20:17:06 (Std) 	Created WindowRendererFactory for 'Falagard/Scrollbar' WindowRenderers.
10/03/2013 20:17:06 (Std) 	WindowRendererFactory 'Falagard/Scrollbar' added. (08E33798)
10/03/2013 20:17:06 (Std) 	Created WindowRendererFactory for 'Falagard/Slider' WindowRenderers.
10/03/2013 20:17:06 (Std) 	WindowRendererFactory 'Falagard/Slider' added. (08E33840)
10/03/2013 20:17:06 (Std) 	Created WindowRendererFactory for 'Falagard/Static' WindowRenderers.
10/03/2013 20:17:06 (Std) 	WindowRendererFactory 'Falagard/Static' added. (08E338E8)
10/03/2013 20:17:06 (Std) 	Created WindowRendererFactory for 'Falagard/StaticImage' WindowRenderers.
10/03/2013 20:17:06 (Std) 	WindowRendererFactory 'Falagard/StaticImage' added. (08E33990)
10/03/2013 20:17:06 (Std) 	Created WindowRendererFactory for 'Falagard/StaticText' WindowRenderers.
10/03/2013 20:17:06 (Std) 	WindowRendererFactory 'Falagard/StaticText' added. (08E33A38)
10/03/2013 20:17:06 (Std) 	Created WindowRendererFactory for 'Falagard/SystemButton' WindowRenderers.
10/03/2013 20:17:06 (Std) 	WindowRendererFactory 'Falagard/SystemButton' added. (08E33AE0)
10/03/2013 20:17:06 (Std) 	Created WindowRendererFactory for 'Falagard/TabButton' WindowRenderers.
10/03/2013 20:17:06 (Std) 	WindowRendererFactory 'Falagard/TabButton' added. (08E33B88)
10/03/2013 20:17:06 (Std) 	Created WindowRendererFactory for 'Falagard/TabControl' WindowRenderers.
10/03/2013 20:17:06 (Std) 	WindowRendererFactory 'Falagard/TabControl' added. (08E33C30)
10/03/2013 20:17:06 (Std) 	Created WindowRendererFactory for 'Falagard/Titlebar' WindowRenderers.
10/03/2013 20:17:06 (Std) 	WindowRendererFactory 'Falagard/Titlebar' added. (08E33CD8)
10/03/2013 20:17:06 (Std) 	Created WindowRendererFactory for 'Falagard/ToggleButton' WindowRenderers.
10/03/2013 20:17:06 (Std) 	WindowRendererFactory 'Falagard/ToggleButton' added. (08E33D80)
10/03/2013 20:17:06 (Std) 	Created WindowRendererFactory for 'Falagard/Tooltip' WindowRenderers.
10/03/2013 20:17:06 (Std) 	WindowRendererFactory 'Falagard/Tooltip' added. (08E33E28)
10/03/2013 20:17:06 (Std) 	Created WindowRendererFactory for 'Falagard/ItemListbox' WindowRenderers.
10/03/2013 20:17:06 (Std) 	WindowRendererFactory 'Falagard/ItemListbox' added. (08E33ED0)
10/03/2013 20:17:06 (Std) 	Created WindowRendererFactory for 'Falagard/Tree' WindowRenderers.
10/03/2013 20:17:06 (Std) 	WindowRendererFactory 'Falagard/Tree' added. (08E33F78)
10/03/2013 20:17:06 (Std) 	Creating falagard mapping for type 'TaharezLook/Button' using base type 'CEGUI/PushButton', window renderer 'Falagard/Button' Look'N'Feel 'TaharezLook/Button' and RenderEffect ''. (003ED0C8)
10/03/2013 20:17:06 (Std) 	Creating falagard mapping for type 'TaharezLook/Checkbox' using base type 'CEGUI/Checkbox', window renderer 'Falagard/ToggleButton' Look'N'Feel 'TaharezLook/Checkbox' and RenderEffect ''. (003ED0C8)
10/03/2013 20:17:06 (Std) 	Creating falagard mapping for type 'TaharezLook/ImageButton' using base type 'CEGUI/PushButton', window renderer 'Falagard/Button' Look'N'Feel 'TaharezLook/ImageButton' and RenderEffect ''. (003ED0C8)
10/03/2013 20:17:06 (Std) 	Creating falagard mapping for type 'TaharezLook/RadioButton' using base type 'CEGUI/RadioButton', window renderer 'Falagard/ToggleButton' Look'N'Feel 'TaharezLook/RadioButton' and RenderEffect ''. (003ED0C8)
10/03/2013 20:17:06 (Std) 	Creating falagard mapping for type 'TaharezLook/FrameWindow' using base type 'CEGUI/FrameWindow', window renderer 'Falagard/FrameWindow' Look'N'Feel 'TaharezLook/FrameWindow' and RenderEffect ''. (003ED0C8)
10/03/2013 20:17:06 (Std) 	Creating falagard mapping for type 'TaharezLook/Titlebar' using base type 'CEGUI/Titlebar', window renderer 'Falagard/Titlebar' Look'N'Feel 'TaharezLook/Titlebar' and RenderEffect ''. (003ED0C8)
10/03/2013 20:17:06 (Std) 	Creating falagard mapping for type 'TaharezLook/SystemButton' using base type 'CEGUI/PushButton', window renderer 'Falagard/Button' Look'N'Feel 'TaharezLook/Button' and RenderEffect ''. (003ED0C8)
10/03/2013 20:17:06 (Std) 	Creating falagard mapping for type 'TaharezLook/Editbox' using base type 'CEGUI/Editbox', window renderer 'Falagard/Editbox' Look'N'Feel 'TaharezLook/Editbox' and RenderEffect ''. (003ED0C8)
10/03/2013 20:17:06 (Std) 	Creating falagard mapping for type 'TaharezLook/MultiLineEditbox' using base type 'CEGUI/MultiLineEditbox', window renderer 'Falagard/MultiLineEditbox' Look'N'Feel 'TaharezLook/MultiLineEditbox' and RenderEffect ''. (003ED0C8)
10/03/2013 20:17:06 (Std) 	Creating falagard mapping for type 'TaharezLook/Menubar' using base type 'CEGUI/Menubar', window renderer 'Falagard/Menubar' Look'N'Feel 'TaharezLook/Menubar' and RenderEffect ''. (003ED0C8)
10/03/2013 20:17:06 (Std) 	Creating falagard mapping for type 'TaharezLook/PopupMenu' using base type 'CEGUI/PopupMenu', window renderer 'Falagard/PopupMenu' Look'N'Feel 'TaharezLook/PopupMenu' and RenderEffect ''. (003ED0C8)
10/03/2013 20:17:06 (Std) 	Creating falagard mapping for type 'TaharezLook/MenuItem' using base type 'CEGUI/MenuItem', window renderer 'Falagard/MenuItem' Look'N'Feel 'TaharezLook/MenuItem' and RenderEffect ''. (003ED0C8)
10/03/2013 20:17:06 (Std) 	Creating falagard mapping for type 'TaharezLook/AlternateProgressBar' using base type 'CEGUI/ProgressBar', window renderer 'Falagard/ProgressBar' Look'N'Feel 'TaharezLook/AltProgressBar' and RenderEffect ''. (003ED0C8)
10/03/2013 20:17:06 (Std) 	Creating falagard mapping for type 'TaharezLook/ProgressBar' using base type 'CEGUI/ProgressBar', window renderer 'Falagard/ProgressBar' Look'N'Feel 'TaharezLook/ProgressBar' and RenderEffect ''. (003ED0C8)
10/03/2013 20:17:06 (Std) 	Creating falagard mapping for type 'TaharezLook/VUMeter' using base type 'CEGUI/ProgressBar', window renderer 'Falagard/ProgressBar' Look'N'Feel 'TaharezLook/VUMeter' and RenderEffect ''. (003ED0C8)
10/03/2013 20:17:06 (Std) 	Creating falagard mapping for type 'TaharezLook/VerticalScrollbar' using base type 'CEGUI/Scrollbar', window renderer 'Falagard/Scrollbar' Look'N'Feel 'TaharezLook/VerticalScrollbar' and RenderEffect ''. (003ED0C8)
10/03/2013 20:17:06 (Std) 	Creating falagard mapping for type 'TaharezLook/HorizontalScrollbar' using base type 'CEGUI/Scrollbar', window renderer 'Falagard/Scrollbar' Look'N'Feel 'TaharezLook/HorizontalScrollbar' and RenderEffect ''. (003ED0C8)
10/03/2013 20:17:06 (Std) 	Creating falagard mapping for type 'TaharezLook/VerticalScrollbarThumb' using base type 'CEGUI/Thumb', window renderer 'Falagard/Button' Look'N'Feel 'TaharezLook/VerticalScrollbarThumb' and RenderEffect ''. (003ED0C8)
10/03/2013 20:17:06 (Std) 	Creating falagard mapping for type 'TaharezLook/HorizontalScrollbarThumb' using base type 'CEGUI/Thumb', window renderer 'Falagard/Button' Look'N'Feel 'TaharezLook/HorizontalScrollbarThumb' and RenderEffect ''. (003ED0C8)
10/03/2013 20:17:06 (Std) 	Creating falagard mapping for type 'TaharezLook/LargeVerticalScrollbar' using base type 'CEGUI/Scrollbar', window renderer 'Falagard/Scrollbar' Look'N'Feel 'TaharezLook/LargeVerticalScrollbar' and RenderEffect ''. (003ED0C8)
10/03/2013 20:17:06 (Std) 	Creating falagard mapping for type 'TaharezLook/LargeVerticalScrollbarThumb' using base type 'CEGUI/Thumb', window renderer 'Falagard/Button' Look'N'Feel 'TaharezLook/LargeVerticalScrollbarThumb' and RenderEffect ''. (003ED0C8)
10/03/2013 20:17:06 (Std) 	Creating falagard mapping for type 'TaharezLook/TabButton' using base type 'CEGUI/TabButton', window renderer 'Falagard/TabButton' Look'N'Feel 'TaharezLook/TabButton' and RenderEffect ''. (003ED0C8)
10/03/2013 20:17:06 (Std) 	Creating falagard mapping for type 'TaharezLook/TabControl' using base type 'CEGUI/TabControl', window renderer 'Falagard/TabControl' Look'N'Feel 'TaharezLook/TabControl' and RenderEffect ''. (003ED0C8)
10/03/2013 20:17:06 (Std) 	Creating falagard mapping for type 'TaharezLook/TabContentPane' using base type 'DefaultWindow', window renderer 'Falagard/Default' Look'N'Feel 'TaharezLook/TabContentPane' and RenderEffect ''. (003ED0C8)
10/03/2013 20:17:06 (Std) 	Creating falagard mapping for type 'TaharezLook/TabButtonPane' using base type 'DefaultWindow', window renderer 'Falagard/Default' Look'N'Feel 'TaharezLook/TabButtonPane' and RenderEffect ''. (003ED0C8)
10/03/2013 20:17:06 (Std) 	Creating falagard mapping for type 'TaharezLook/ComboDropList' using base type 'CEGUI/ComboDropList', window renderer 'Falagard/Listbox' Look'N'Feel 'TaharezLook/ComboDropList' and RenderEffect ''. (003ED0C8)
10/03/2013 20:17:06 (Std) 	Creating falagard mapping for type 'TaharezLook/ComboEditbox' using base type 'CEGUI/Editbox', window renderer 'Falagard/Editbox' Look'N'Feel 'TaharezLook/ComboEditbox' and RenderEffect ''. (003ED0C8)
10/03/2013 20:17:06 (Std) 	Creating falagard mapping for type 'TaharezLook/Combobox' using base type 'CEGUI/Combobox', window renderer 'Falagard/Default' Look'N'Feel 'TaharezLook/Combobox' and RenderEffect ''. (003ED0C8)
10/03/2013 20:17:06 (Std) 	Creating falagard mapping for type 'TaharezLook/Listbox' using base type 'CEGUI/Listbox', window renderer 'Falagard/Listbox' Look'N'Feel 'TaharezLook/Listbox' and RenderEffect ''. (003ED0C8)
10/03/2013 20:17:06 (Std) 	Creating falagard mapping for type 'TaharezLook/ListHeader' using base type 'CEGUI/ListHeader', window renderer 'Falagard/ListHeader' Look'N'Feel 'TaharezLook/ListHeader' and RenderEffect ''. (003ED0C8)
10/03/2013 20:17:06 (Std) 	Creating falagard mapping for type 'TaharezLook/ListHeaderSegment' using base type 'CEGUI/ListHeaderSegment', window renderer 'Falagard/ListHeaderSegment' Look'N'Feel 'TaharezLook/ListHeaderSegment' and RenderEffect ''. (003ED0C8)
10/03/2013 20:17:06 (Std) 	Creating falagard mapping for type 'TaharezLook/MultiColumnList' using base type 'CEGUI/MultiColumnList', window renderer 'Falagard/MultiColumnList' Look'N'Feel 'TaharezLook/MultiColumnList' and RenderEffect ''. (003ED0C8)
10/03/2013 20:17:06 (Std) 	Creating falagard mapping for type 'TaharezLook/Slider' using base type 'CEGUI/Slider', window renderer 'Falagard/Slider' Look'N'Feel 'TaharezLook/Slider' and RenderEffect ''. (003ED0C8)
10/03/2013 20:17:06 (Std) 	Creating falagard mapping for type 'TaharezLook/SliderThumb' using base type 'CEGUI/Thumb', window renderer 'Falagard/Button' Look'N'Feel 'TaharezLook/SliderThumb' and RenderEffect ''. (003ED0C8)
10/03/2013 20:17:06 (Std) 	Creating falagard mapping for type 'TaharezLook/ScrollablePane' using base type 'CEGUI/ScrollablePane', window renderer 'Falagard/ScrollablePane' Look'N'Feel 'TaharezLook/ScrollablePane' and RenderEffect ''. (003ED0C8)
10/03/2013 20:17:06 (Std) 	Creating falagard mapping for type 'TaharezLook/Spinner' using base type 'CEGUI/Spinner', window renderer 'Falagard/Default' Look'N'Feel 'TaharezLook/Spinner' and RenderEffect ''. (003ED0C8)
10/03/2013 20:17:06 (Std) 	Creating falagard mapping for type 'TaharezLook/Tooltip' using base type 'CEGUI/Tooltip', window renderer 'Falagard/Tooltip' Look'N'Feel 'TaharezLook/Tooltip' and RenderEffect ''. (003ED0C8)
10/03/2013 20:17:06 (Std) 	Creating falagard mapping for type 'TaharezLook/StaticImage' using base type 'DefaultWindow', window renderer 'Falagard/StaticImage' Look'N'Feel 'TaharezLook/StaticImage' and RenderEffect ''. (003ED0C8)
10/03/2013 20:17:06 (Std) 	Creating falagard mapping for type 'TaharezLook/StaticText' using base type 'DefaultWindow', window renderer 'Falagard/StaticText' Look'N'Feel 'TaharezLook/StaticText' and RenderEffect ''. (003ED0C8)
10/03/2013 20:17:06 (Std) 	Creating falagard mapping for type 'TaharezLook/ItemListbox' using base type 'CEGUI/ItemListbox', window renderer 'Falagard/ItemListbox' Look'N'Feel 'TaharezLook/ItemListbox' and RenderEffect ''. (003ED0C8)
10/03/2013 20:17:06 (Std) 	Creating falagard mapping for type 'TaharezLook/ListboxItem' using base type 'CEGUI/ItemEntry', window renderer 'Falagard/ItemEntry' Look'N'Feel 'TaharezLook/ListboxItem' and RenderEffect ''. (003ED0C8)
10/03/2013 20:17:06 (Std) 	Creating falagard mapping for type 'TaharezLook/GroupBox' using base type 'CEGUI/GroupBox', window renderer 'Falagard/Default' Look'N'Feel 'TaharezLook/GroupBox' and RenderEffect ''. (003ED0C8)
10/03/2013 20:17:06 (Std) 	Creating falagard mapping for type 'TaharezLook/Tree' using base type 'CEGUI/Tree', window renderer 'Falagard/Tree' Look'N'Feel 'TaharezLook/Tree' and RenderEffect ''. (003ED0C8)
10/03/2013 20:18:13 (Std) 	---- Begining CEGUI System destruction ----
