13:57:01: Creating resource group General
13:57:01: Creating resource group Internal
13:57:01: Creating resource group Autodetect
13:57:01: SceneManagerFactory for type 'DefaultSceneManager' registered.
13:57:02: Registering ResourceManager for type Material
13:57:02: Registering ResourceManager for type Mesh
13:57:02: Registering ResourceManager for type Skeleton
13:57:02: MovableObjectFactory for type 'ParticleSystem' registered.
13:57:02: OverlayElementFactory for type Panel registered.
13:57:02: OverlayElementFactory for type BorderPanel registered.
13:57:02: OverlayElementFactory for type TextArea registered.
13:57:02: Registering ResourceManager for type Font
13:57:02: ArchiveFactory for archive type FileSystem registered.
13:57:02: ArchiveFactory for archive type Zip registered.
13:57:02: DDS codec registering
13:57:02: FreeImage version: 3.15.1
13:57:02: This program uses FreeImage, a free, open source image library supporting all common bitmap formats. See http://freeimage.sourceforge.net for details
13:57:02: Supported formats: bmp,ico,jpg,jif,jpeg,jpe,jng,koa,iff,lbm,mng,pbm,pbm,pcd,pcx,pgm,pgm,png,ppm,ppm,ras,tga,targa,tif,tiff,wap,wbmp,wbm,psd,cut,xbm,xpm,gif,hdr,g3,sgi,exr,j2k,j2c,jp2,pfm,pct,pict,pic,3fr,arw,bay,bmq,cap,cine,cr2,crw,cs1,dc2,dcr,drf,dsc,dng,erf,fff,ia,iiq,k25,kc2,kdc,mdc,mef,mos,mrw,nef,nrw,orf,pef,ptx,pxn,qtk,raf,raw,rdc,rw2,rwl,rwz,sr2,srf,sti
13:57:02: Registering ResourceManager for type HighLevelGpuProgram
13:57:02: Registering ResourceManager for type Compositor
13:57:02: MovableObjectFactory for type 'Entity' registered.
13:57:02: MovableObjectFactory for type 'Light' registered.
13:57:02: MovableObjectFactory for type 'BillboardSet' registered.
13:57:02: MovableObjectFactory for type 'ManualObject' registered.
13:57:02: MovableObjectFactory for type 'BillboardChain' registered.
13:57:02: MovableObjectFactory for type 'RibbonTrail' registered.
13:57:02: Loading library .\RenderSystem_Direct3D9_d
13:57:02: Installing plugin: D3D9 RenderSystem
13:57:02: D3D9 : Direct3D9 Rendering Subsystem created.
13:57:02: D3D9: Driver Detection Starts
13:57:02: D3D9: Driver Detection Ends
13:57:02: Plugin successfully installed
13:57:02: Loading library .\RenderSystem_GL_d
13:57:02: Installing plugin: GL RenderSystem
13:57:02: OpenGL Rendering Subsystem created.
13:57:03: Plugin successfully installed
13:57:03: *-*-* OGRE Initialising
13:57:03: *-*-* Version 1.7.4 (Cthugha)
13:57:03: D3D9 : RenderSystem Option: Allow NVPerfHUD = No
13:57:03: D3D9 : RenderSystem Option: FSAA = 0
13:57:03: D3D9 : RenderSystem Option: Floating-point mode = Fastest
13:57:03: D3D9 : RenderSystem Option: Full Screen = No
13:57:03: D3D9 : RenderSystem Option: Rendering Device = Monitor-1-ATI Radeon HD 5570
13:57:03: D3D9 : RenderSystem Option: Resource Creation Policy = Create on all devices
13:57:03: D3D9 : RenderSystem Option: VSync = No
13:57:03: D3D9 : RenderSystem Option: VSync Interval = 1
13:57:03: D3D9 : RenderSystem Option: Video Mode = 1024 x 768 @ 32-bit colour
13:57:03: D3D9 : RenderSystem Option: sRGB Gamma Conversion = No
13:57:04: CPU Identifier & Features
13:57:04: -------------------------
13:57:04:  *   CPU ID: AuthenticAMD: AMD Athlon(tm) II X4 640 Processor
13:57:04:  *      SSE: yes
13:57:04:  *     SSE2: yes
13:57:04:  *     SSE3: yes
13:57:04:  *      MMX: yes
13:57:04:  *   MMXEXT: yes
13:57:04:  *    3DNOW: yes
13:57:04:  * 3DNOWEXT: yes
13:57:04:  *     CMOV: yes
13:57:04:  *      TSC: yes
13:57:04:  *      FPU: yes
13:57:04:  *      PRO: yes
13:57:04:  *       HT: no
13:57:04: -------------------------
13:57:04: D3D9 : Subsystem Initialising
13:57:04: Registering ResourceManager for type Texture
13:57:04: Registering ResourceManager for type GpuProgram
13:57:04: D3D9RenderSystem::_createRenderWindow "Ogreoids", 1024x768 windowed  miscParams: FSAA=0 FSAAHint= colourDepth=32 gamma=false monitorIndex=0 useNVPerfHUD=false vsync=false vsyncInterval=1 
13:57:04: D3D9 : Created D3D9 Rendering Window 'Ogreoids' : 1024x768, 32bpp
13:57:04: D3D9 : WARNING - disabling VSync in windowed mode can cause timing issues at lower frame rates, turn VSync on if you observe this problem.
13:57:04: D3D9: Vertex texture format supported - PF_L8
13:57:04: D3D9: Vertex texture format supported - PF_L16
13:57:04: D3D9: Vertex texture format supported - PF_A8
13:57:04: D3D9: Vertex texture format supported - PF_A4L4
13:57:04: D3D9: Vertex texture format supported - PF_BYTE_LA
13:57:04: D3D9: Vertex texture format supported - PF_R5G6B5
13:57:04: D3D9: Vertex texture format supported - PF_B5G6R5
13:57:04: D3D9: Vertex texture format supported - PF_A4R4G4B4
13:57:04: D3D9: Vertex texture format supported - PF_A1R5G5B5
13:57:04: D3D9: Vertex texture format supported - PF_A8R8G8B8
13:57:04: D3D9: Vertex texture format supported - PF_B8G8R8A8
13:57:04: D3D9: Vertex texture format supported - PF_A2R10G10B10
13:57:04: D3D9: Vertex texture format supported - PF_A2B10G10R10
13:57:04: D3D9: Vertex texture format supported - PF_DXT1
13:57:04: D3D9: Vertex texture format supported - PF_DXT2
13:57:04: D3D9: Vertex texture format supported - PF_DXT3
13:57:04: D3D9: Vertex texture format supported - PF_DXT4
13:57:04: D3D9: Vertex texture format supported - PF_DXT5
13:57:04: D3D9: Vertex texture format supported - PF_FLOAT16_RGB
13:57:04: D3D9: Vertex texture format supported - PF_FLOAT16_RGBA
13:57:04: D3D9: Vertex texture format supported - PF_FLOAT32_RGB
13:57:04: D3D9: Vertex texture format supported - PF_FLOAT32_RGBA
13:57:04: D3D9: Vertex texture format supported - PF_X8R8G8B8
13:57:04: D3D9: Vertex texture format supported - PF_X8B8G8R8
13:57:04: D3D9: Vertex texture format supported - PF_R8G8B8A8
13:57:04: D3D9: Vertex texture format supported - PF_DEPTH
13:57:04: D3D9: Vertex texture format supported - PF_SHORT_RGBA
13:57:04: D3D9: Vertex texture format supported - PF_FLOAT16_R
13:57:04: D3D9: Vertex texture format supported - PF_FLOAT32_R
13:57:04: D3D9: Vertex texture format supported - PF_SHORT_GR
13:57:04: D3D9: Vertex texture format supported - PF_FLOAT16_GR
13:57:04: D3D9: Vertex texture format supported - PF_FLOAT32_GR
13:57:04: D3D9: Vertex texture format supported - PF_SHORT_RGB
13:57:04: D3D9: Vertex texture format supported - PF_PVRTC_RGB2
13:57:04: D3D9: Vertex texture format supported - PF_PVRTC_RGBA2
13:57:04: D3D9: Vertex texture format supported - PF_PVRTC_RGB4
13:57:04: D3D9: Vertex texture format supported - PF_PVRTC_RGBA4
13:57:04: RenderSystem capabilities
13:57:04: -------------------------
13:57:04: RenderSystem Name: Direct3D9 Rendering Subsystem
13:57:04: GPU Vendor: ati
13:57:04: Device Name: Monitor-1-ATI Radeon HD 5570
13:57:04: Driver Version: 8.17.10.1172
13:57:04:  * Fixed function pipeline: yes
13:57:04:  * Hardware generation of mipmaps: yes
13:57:04:  * Texture blending: yes
13:57:04:  * Anisotropic texture filtering: yes
13:57:04:  * Dot product texture operation: yes
13:57:04:  * Cube mapping: yes
13:57:04:  * Hardware stencil buffer: yes
13:57:04:    - Stencil depth: 8
13:57:04:    - Two sided stencil support: yes
13:57:04:    - Wrap stencil values: yes
13:57:04:  * Hardware vertex / index buffers: yes
13:57:04:  * Vertex programs: yes
13:57:04:  * Number of floating-point constants for vertex programs: 256
13:57:04:  * Number of integer constants for vertex programs: 16
13:57:04:  * Number of boolean constants for vertex programs: 16
13:57:04:  * Fragment programs: yes
13:57:04:  * Number of floating-point constants for fragment programs: 224
13:57:04:  * Number of integer constants for fragment programs: 16
13:57:04:  * Number of boolean constants for fragment programs: 16
13:57:04:  * Geometry programs: no
13:57:04:  * Number of floating-point constants for geometry programs: 0
13:57:04:  * Number of integer constants for geometry programs: 0
13:57:04:  * Number of boolean constants for geometry programs: 0
13:57:04:  * Supported Shader Profiles: hlsl ps_1_1 ps_1_2 ps_1_3 ps_1_4 ps_2_0 ps_2_a ps_2_b ps_2_x ps_3_0 vs_1_1 vs_2_0 vs_2_a vs_2_x vs_3_0
13:57:04:  * Texture Compression: yes
13:57:04:    - DXT: yes
13:57:04:    - VTC: no
13:57:04:    - PVRTC: no
13:57:04:  * Scissor Rectangle: yes
13:57:04:  * Hardware Occlusion Query: yes
13:57:04:  * User clip planes: yes
13:57:04:  * VET_UBYTE4 vertex element type: yes
13:57:04:  * Infinite far plane projection: yes
13:57:04:  * Hardware render-to-texture: yes
13:57:04:  * Floating point textures: yes
13:57:04:  * Non-power-of-two textures: yes
13:57:04:  * Volume textures: yes
13:57:04:  * Multiple Render Targets: 4
13:57:04:    - With different bit depths: yes
13:57:04:  * Point Sprites: yes
13:57:04:  * Extended point parameters: yes
13:57:04:  * Max Point Size: 10
13:57:04:  * Vertex texture fetch: yes
13:57:04:  * Number of world matrices: 0
13:57:04:  * Number of texture units: 8
13:57:04:  * Stencil buffer depth: 8
13:57:04:  * Number of vertex blend matrices: 0
13:57:04:    - Max vertex textures: 4
13:57:04:    - Vertex textures shared: no
13:57:04:  * Render to Vertex Buffer : no
13:57:04:  * DirectX per stage constants: yes
13:57:04: ***************************************
13:57:04: *** D3D9 : Subsystem Initialised OK ***
13:57:04: ***************************************
13:57:04: DefaultWorkQueue('Root') initialising on thread 00500C28.
13:57:04: DefaultWorkQueue('Root')::WorkerFunc - thread 0051BF30 starting.
13:57:04: DefaultWorkQueue('Root')::WorkerFunc - thread 0051BF60 starting.
13:57:04: DefaultWorkQueue('Root')::WorkerFunc - thread 0051BFC0 starting.
13:57:04: DefaultWorkQueue('Root')::WorkerFunc - thread 0051C020 starting.
13:57:04: Particle Renderer Type 'billboard' registered
13:57:04: Creating resource group File Structure
13:57:04: Added resource location './media/gui' of type 'FileSystem' to resource group 'File Structure'
13:57:05: Added resource location './media/gui/schemes' of type 'FileSystem' to resource group 'File Structure'
13:57:05: Added resource location './media/gui/imagesets' of type 'FileSystem' to resource group 'File Structure'
13:57:05: Added resource location './media/gui/fonts' of type 'FileSystem' to resource group 'File Structure'
13:57:05: Added resource location './media/gui/looknfeel' of type 'FileSystem' to resource group 'File Structure'
13:57:05: Added resource location './media/gui/layouts' of type 'FileSystem' to resource group 'File Structure'
13:57:05: Added resource location './media/materials' of type 'FileSystem' to resource group 'File Structure'
13:57:05: Added resource location './media/models' of type 'FileSystem' to resource group 'File Structure'
13:57:05: Added resource location './media/skyboxes' of type 'FileSystem' to resource group 'File Structure'
13:57:05: Added resource location './media/textures' of type 'FileSystem' to resource group 'File Structure'
13:57:05: Creating resource group Model Packages
13:57:05: Added resource location './media/models/ships.zip' of type 'Zip' to resource group 'Model Packages'
13:57:05: Added resource location './media/models/planetary.zip' of type 'Zip' to resource group 'Model Packages'
13:57:05: Creating resource group SDKTrays
13:57:05: Added resource location './media/gui/SdkTrays_v1.7.zip' of type 'Zip' to resource group 'SDKTrays'
13:57:05: Creating resource group Skyboxes
13:57:05: Added resource location './media/skyboxes/skybox.zip' of type 'Zip' to resource group 'Skyboxes'
13:57:05: Added resource location './media/skyboxes/main.zip' of type 'Zip' to resource group 'Skyboxes'
13:57:05: Added resource location './media/skyboxes/spacebox.zip' of type 'Zip' to resource group 'Skyboxes'
13:57:05: Added resource location './media/skyboxes/tronbox.zip' of type 'Zip' to resource group 'Skyboxes'
13:57:05: Added resource location './media/skyboxes/Lightgrid.zip' of type 'Zip' to resource group 'Skyboxes'
13:57:05: Parsing scripts for resource group Autodetect
13:57:05: Finished parsing scripts for resource group Autodetect
13:57:05: Parsing scripts for resource group File Structure
13:57:05: Parsing script b_laser.material
13:57:05: Parsing script Examples.material
13:57:05: Compiler error: reference to a non existing object in Examples.material(8)
13:57:05: Compiler error: reference to a non existing object in Examples.material(20)
13:57:05: Parsing script explosions.material
13:57:05: Parsing script flare.material
13:57:05: Parsing script ground.material
13:57:05: Parsing script g_laser.material
13:57:05: Parsing script laser.material
13:57:05: Parsing script mine.material
13:57:05: Parsing script Ogre.material
13:57:05: Parsing script Penguin.material
13:57:05: Parsing script robot.material
13:57:05: Compiler error: reference to a non existing object in robot.material(8)
13:57:05: Compiler error: reference to a non existing object in robot.material(20)
13:57:05: Parsing script skyboxes.material
13:57:05: Parsing script target.material
13:57:05: Parsing script trail.material
13:57:05: Finished parsing scripts for resource group File Structure
13:57:05: Parsing scripts for resource group General
13:57:05: Finished parsing scripts for resource group General
13:57:05: Parsing scripts for resource group Internal
13:57:05: Finished parsing scripts for resource group Internal
13:57:05: Parsing scripts for resource group Model Packages
13:57:05: Parsing script CentaruiStation.material
13:57:05: Parsing script CobraBomber.material
13:57:05: Parsing script CobraFighter.material
13:57:05: Parsing script CobraInterceptor.material
13:57:05: Parsing script CruiserTempest.material
13:57:05: Parsing script Dreadnought.material
13:57:05: Parsing script Equador.material
13:57:06: Parsing script MonsoonGunboat.material
13:57:06: Parsing script Narcissus.material
13:57:06: Parsing script RobotMech.material
13:57:06: Parsing script StarfuryA.material
13:57:06: Parsing script StrikehawkCarrier.material
13:57:06: Parsing script Thunderbolt.material
13:57:06: Parsing script WarlockDestroyer.material
13:57:06: Parsing script rock_sample1.material
13:57:06: Parsing script rock_sample2.material
13:57:06: Parsing script rock_sample3.material
13:57:06: Parsing script rock_sample4.material
13:57:06: Parsing script rock_sample5.material
13:57:06: Parsing script rock_sample6.material
13:57:06: Finished parsing scripts for resource group Model Packages
13:57:06: Parsing scripts for resource group SDKTrays
13:57:06: Parsing script SdkTrays.material
13:57:06: Parsing script SdkTrays.fontdef
13:57:06: Parsing script SdkTrays.overlay
13:57:06: Bad element attribute line: '# you can offset the image to change the cursor "hotspot"' for element SdkTrays/Cursor in overlay 
13:57:06: Texture: sdk_cursor.png: Loading 1 faces(PF_A8R8G8B8,128x128x1) with  hardware generated mipmaps from Image. Internal format is PF_A8R8G8B8,128x128x1.
13:57:06: Texture: sdk_tray.png: Loading 1 faces(PF_A8R8G8B8,1x1x1) with  hardware generated mipmaps from Image. Internal format is PF_A8R8G8B8,1x1x1.
13:57:06: Texture: sdk_button_up.png: Loading 1 faces(PF_A8R8G8B8,1x1x1) with  hardware generated mipmaps from Image. Internal format is PF_A8R8G8B8,1x1x1.
13:57:06: Texture: sdk_text_box.png: Loading 1 faces(PF_A8R8G8B8,64x64x1) with  hardware generated mipmaps from Image. Internal format is PF_A8R8G8B8,64x64x1.
13:57:06: Texture: sdk_mini_tray.png: Loading 1 faces(PF_A8R8G8B8,1x1x1) with  hardware generated mipmaps from Image. Internal format is PF_A8R8G8B8,1x1x1.
13:57:06: Texture: sdk_track.png: Loading 1 faces(PF_A8R8G8B8,16x32x1) with  hardware generated mipmaps from Image. Internal format is PF_A8R8G8B8,16x32x1.
13:57:06: Texture: sdk_handle.png: Loading 1 faces(PF_A8R8G8B8,32x32x1) with  hardware generated mipmaps from Image. Internal format is PF_A8R8G8B8,32x32x1.
13:57:06: Texture: sdk_mini_text_box.png: Loading 1 faces(PF_A8R8G8B8,32x32x1) with  hardware generated mipmaps from Image. Internal format is PF_A8R8G8B8,32x32x1.
13:57:06: Texture: sdk_label.png: Loading 1 faces(PF_A8R8G8B8,32x32x1) with  hardware generated mipmaps from Image. Internal format is PF_A8R8G8B8,32x32x1.
13:57:06: Texture: sdk_separator.png: Loading 1 faces(PF_A8R8G8B8,64x16x1) with  hardware generated mipmaps from Image. Internal format is PF_A8R8G8B8,64x16x1.
13:57:06: Texture: sdk_logo.png: Loading 1 faces(PF_A8R8G8B8,256x128x1) with  hardware generated mipmaps from Image. Internal format is PF_A8R8G8B8,256x128x1.
13:57:06: Texture: sdk_shade.png: Loading 1 faces(PF_A8R8G8B8,64x48x1) with 5 generated mipmaps from Image. Internal format is PF_A8R8G8B8,64x48x1.
13:57:06: Texture: sdk_frame.png: Loading 1 faces(PF_A8R8G8B8,32x32x1) with  hardware generated mipmaps from Image. Internal format is PF_A8R8G8B8,32x32x1.
13:57:06: Texture: sdk_mini_text_box_over.png: Loading 1 faces(PF_A8R8G8B8,32x32x1) with  hardware generated mipmaps from Image. Internal format is PF_A8R8G8B8,32x32x1.
13:57:06: Texture: sdk_pulse.png: Loading 1 faces(PF_R8G8B8,8x1x1) with  hardware generated mipmaps from Image. Internal format is PF_X8R8G8B8,8x1x1.
13:57:06: Finished parsing scripts for resource group SDKTrays
13:57:06: Parsing scripts for resource group Skyboxes
13:57:06: Finished parsing scripts for resource group Skyboxes
13:57:06: Texture: _cegui_ogre_0: Loading 1 faces(PF_A8B8G8R8,256x256x1) with 0 generated mipmaps from Image. Internal format is PF_A8R8G8B8,256x256x1.
13:57:08: Texture: space_fr.png: Loading 1 faces(PF_R8G8B8,1024x1024x1) with  hardware generated mipmaps from Image. Internal format is PF_X8R8G8B8,1024x1024x1.
13:57:08: Texture: space_bk.png: Loading 1 faces(PF_R8G8B8,1024x1024x1) with  hardware generated mipmaps from Image. Internal format is PF_X8R8G8B8,1024x1024x1.
13:57:08: Texture: space_lf.png: Loading 1 faces(PF_R8G8B8,1024x1024x1) with  hardware generated mipmaps from Image. Internal format is PF_X8R8G8B8,1024x1024x1.
13:57:08: Texture: space_rt.png: Loading 1 faces(PF_R8G8B8,1024x1024x1) with  hardware generated mipmaps from Image. Internal format is PF_X8R8G8B8,1024x1024x1.
13:57:08: Texture: space_up.png: Loading 1 faces(PF_R8G8B8,1024x1024x1) with  hardware generated mipmaps from Image. Internal format is PF_X8R8G8B8,1024x1024x1.
13:57:08: Texture: space_dn.png: Loading 1 faces(PF_R8G8B8,1024x1024x1) with  hardware generated mipmaps from Image. Internal format is PF_X8R8G8B8,1024x1024x1.
13:57:10: Font SdkTrays/Captionusing texture size 1024x512
13:57:10: Info: Freetype returned null for character 160 in font SdkTrays/Caption
13:57:10: Texture: SdkTrays/CaptionTexture: Loading 1 faces(PF_BYTE_LA,1024x512x1) with 0 generated mipmaps from Image. Internal format is PF_BYTE_LA,1024x512x1.
13:57:13: Texture: sdk_button_over.png: Loading 1 faces(PF_A8R8G8B8,128x32x1) with  hardware generated mipmaps from Image. Internal format is PF_A8R8G8B8,128x32x1.
13:57:13: Texture: sdk_button_down.png: Loading 1 faces(PF_A8R8G8B8,256x32x1) with  hardware generated mipmaps from Image. Internal format is PF_A8R8G8B8,256x32x1.
13:57:13: Mesh: Loading CobraInterceptor.mesh.
13:57:14: Texture: cobrainterceptormap.jpg: Loading 1 faces(PF_R8G8B8,2048x2048x1) with  hardware generated mipmaps from Image. Internal format is PF_X8R8G8B8,2048x2048x1.
13:57:14: Font SdkTrays/Valueusing texture size 512x512
13:57:14: Info: Freetype returned null for character 160 in font SdkTrays/Value
13:57:14: Texture: SdkTrays/ValueTexture: Loading 1 faces(PF_BYTE_LA,512x512x1) with 0 generated mipmaps from Image. Internal format is PF_BYTE_LA,512x512x1.
13:57:15: Mesh: Loading CobraBomber.mesh.
13:57:16: Texture: Object01cobrabomber.jpg: Loading 1 faces(PF_R8G8B8,2048x2048x1) with  hardware generated mipmaps from Image. Internal format is PF_X8R8G8B8,2048x2048x1.
13:57:16: Mesh: Loading CobraFighter.mesh.
13:57:16: Texture: cobrav2map.jpg: Loading 1 faces(PF_R8G8B8,2048x2048x1) with  hardware generated mipmaps from Image. Internal format is PF_X8R8G8B8,2048x2048x1.
13:57:18: Mesh: Loading target.mesh.
13:57:19: Mesh: Loading ogrehead.mesh.
13:57:19: Texture: GreenSkin.jpg: Loading 1 faces(PF_R8G8B8,256x256x1) with  hardware generated mipmaps from Image. Internal format is PF_X8R8G8B8,256x256x1.
13:57:19: OGRE EXCEPTION(6:FileNotFoundException): Cannot locate resource spheremap.png in resource group File Structure or any other group. in ResourceGroupManager::openResource at ..\..\..\..\OgreMain\src\OgreResourceGroupManager.cpp (line 753)
13:57:19: Error loading texture spheremap.png. Texture layer will be blank. Loading the texture failed with the following exception: OGRE EXCEPTION(6:FileNotFoundException): Cannot locate resource spheremap.png in resource group File Structure or any other group. in ResourceGroupManager::openResource at ..\..\..\..\OgreMain\src\OgreResourceGroupManager.cpp (line 753)
13:57:19: Texture: tusk.jpg: Loading 1 faces(PF_R8G8B8,96x96x1) with 5 generated mipmaps from Image. Internal format is PF_X8R8G8B8,96x96x1.
13:57:20: Mesh: Loading b_laser.mesh.
13:57:44: Mesh: Loading g_laser.mesh.
13:58:35: DefaultWorkQueue('Root') shutting down on thread 00500C28.
13:58:35: DefaultWorkQueue('Root')::WorkerFunc - thread 0051C020 stopped.
13:58:35: DefaultWorkQueue('Root')::WorkerFunc - thread 0051BF30 stopped.
13:58:35: DefaultWorkQueue('Root')::WorkerFunc - thread 0051BF60 stopped.
13:58:35: DefaultWorkQueue('Root')::WorkerFunc - thread 0051BFC0 stopped.
13:58:35: *-*-* OGRE Shutdown
13:58:35: Unregistering ResourceManager for type Compositor
13:58:35: Unregistering ResourceManager for type Font
13:58:35: Unregistering ResourceManager for type Skeleton
13:58:35: Unregistering ResourceManager for type Mesh
13:58:35: Unregistering ResourceManager for type HighLevelGpuProgram
13:58:35: Uninstalling plugin: GL RenderSystem
13:58:35: *** Stopping Win32GL Subsystem ***
13:58:35: Plugin successfully uninstalled
13:58:35: Unloading library .\RenderSystem_GL_d
13:58:35: Uninstalling plugin: D3D9 RenderSystem
13:58:35: D3D9 device: 0x[036BF560] destroy. Releasing D3D9 texture: _cegui_ogre_0
13:58:35: Released D3D9 texture: _cegui_ogre_0
13:58:35: D3D9 : Shutting down cleanly.
13:58:35: Unregistering ResourceManager for type Texture
13:58:35: Unregistering ResourceManager for type GpuProgram
13:58:35: D3D9 : Direct3D9 Rendering Subsystem destroyed.
13:58:35: Plugin successfully uninstalled
13:58:35: Unloading library .\RenderSystem_Direct3D9_d
13:58:35: Unregistering ResourceManager for type Material
